2016-08-30 00:08:13
Full thread dump Java HotSpot(TM) 64-Bit Server VM (25.92-b14 mixed mode):

"RMI TCP Connection(2)-192.168.100.3" #21 daemon prio=5 os_prio=0 tid=0x000000001a8c0000 nid=0x2440 runnable [0x000000001b49e000]
   java.lang.Thread.State: RUNNABLE
	at java.net.SocketInputStream.socketRead0(Native Method)
	at java.net.SocketInputStream.socketRead(SocketInputStream.java:116)
	at java.net.SocketInputStream.read(SocketInputStream.java:170)
	at java.net.SocketInputStream.read(SocketInputStream.java:141)
	at java.io.BufferedInputStream.fill(BufferedInputStream.java:246)
	at java.io.BufferedInputStream.read(BufferedInputStream.java:265)
	- locked <0x00000000d6d50338> (a java.io.BufferedInputStream)
	at java.io.FilterInputStream.read(FilterInputStream.java:83)
	at sun.rmi.transport.tcp.TCPTransport.handleMessages(TCPTransport.java:550)
	at sun.rmi.transport.tcp.TCPTransport$ConnectionHandler.run0(TCPTransport.java:826)
	at sun.rmi.transport.tcp.TCPTransport$ConnectionHandler.lambda$run$0(TCPTransport.java:683)
	at sun.rmi.transport.tcp.TCPTransport$ConnectionHandler$$Lambda$1/2035566916.run(Unknown Source)
	at java.security.AccessController.doPrivileged(Native Method)
	at sun.rmi.transport.tcp.TCPTransport$ConnectionHandler.run(TCPTransport.java:682)
	at java.util.concurrent.ThreadPoolExecutor.runWorker(ThreadPoolExecutor.java:1142)
	at java.util.concurrent.ThreadPoolExecutor$Worker.run(ThreadPoolExecutor.java:617)
	at java.lang.Thread.run(Thread.java:745)

   Locked ownable synchronizers:
	- <0x00000000d66d2c00> (a java.util.concurrent.ThreadPoolExecutor$Worker)

"JMX server connection timeout 20" #20 daemon prio=5 os_prio=0 tid=0x000000001a85d800 nid=0x2348 in Object.wait() [0x000000001b19f000]
   java.lang.Thread.State: TIMED_WAITING (on object monitor)
	at java.lang.Object.wait(Native Method)
	- waiting on <0x00000000d699f6e0> (a [I)
	at com.sun.jmx.remote.internal.ServerCommunicatorAdmin$Timeout.run(ServerCommunicatorAdmin.java:168)
	- locked <0x00000000d699f6e0> (a [I)
	at java.lang.Thread.run(Thread.java:745)

   Locked ownable synchronizers:
	- None

"RMI Scheduler(0)" #19 daemon prio=5 os_prio=0 tid=0x000000001a85c800 nid=0x2734 waiting on condition [0x000000001b09f000]
   java.lang.Thread.State: TIMED_WAITING (parking)
	at sun.misc.Unsafe.park(Native Method)
	- parking to wait for  <0x00000000d66b7488> (a java.util.concurrent.locks.AbstractQueuedSynchronizer$ConditionObject)
	at java.util.concurrent.locks.LockSupport.parkNanos(LockSupport.java:215)
	at java.util.concurrent.locks.AbstractQueuedSynchronizer$ConditionObject.awaitNanos(AbstractQueuedSynchronizer.java:2078)
	at java.util.concurrent.ScheduledThreadPoolExecutor$DelayedWorkQueue.take(ScheduledThreadPoolExecutor.java:1093)
	at java.util.concurrent.ScheduledThreadPoolExecutor$DelayedWorkQueue.take(ScheduledThreadPoolExecutor.java:809)
	at java.util.concurrent.ThreadPoolExecutor.getTask(ThreadPoolExecutor.java:1067)
	at java.util.concurrent.ThreadPoolExecutor.runWorker(ThreadPoolExecutor.java:1127)
	at java.util.concurrent.ThreadPoolExecutor$Worker.run(ThreadPoolExecutor.java:617)
	at java.lang.Thread.run(Thread.java:745)

   Locked ownable synchronizers:
	- None

"RMI TCP Connection(1)-192.168.100.3" #18 daemon prio=5 os_prio=0 tid=0x0000000019718000 nid=0x23cc runnable [0x000000001a79d000]
   java.lang.Thread.State: RUNNABLE
	at java.net.SocketInputStream.socketRead0(Native Method)
	at java.net.SocketInputStream.socketRead(SocketInputStream.java:116)
	at java.net.SocketInputStream.read(SocketInputStream.java:170)
	at java.net.SocketInputStream.read(SocketInputStream.java:141)
	at java.io.BufferedInputStream.fill(BufferedInputStream.java:246)
	at java.io.BufferedInputStream.read(BufferedInputStream.java:265)
	- locked <0x00000000d6964ed0> (a java.io.BufferedInputStream)
	at java.io.FilterInputStream.read(FilterInputStream.java:83)
	at sun.rmi.transport.tcp.TCPTransport.handleMessages(TCPTransport.java:550)
	at sun.rmi.transport.tcp.TCPTransport$ConnectionHandler.run0(TCPTransport.java:826)
	at sun.rmi.transport.tcp.TCPTransport$ConnectionHandler.lambda$run$0(TCPTransport.java:683)
	at sun.rmi.transport.tcp.TCPTransport$ConnectionHandler$$Lambda$1/2035566916.run(Unknown Source)
	at java.security.AccessController.doPrivileged(Native Method)
	at sun.rmi.transport.tcp.TCPTransport$ConnectionHandler.run(TCPTransport.java:682)
	at java.util.concurrent.ThreadPoolExecutor.runWorker(ThreadPoolExecutor.java:1142)
	at java.util.concurrent.ThreadPoolExecutor$Worker.run(ThreadPoolExecutor.java:617)
	at java.lang.Thread.run(Thread.java:745)

   Locked ownable synchronizers:
	- <0x00000000d66cfc88> (a java.util.concurrent.ThreadPoolExecutor$Worker)

"RMI TCP Accept-0" #17 daemon prio=5 os_prio=0 tid=0x00000000196e4800 nid=0x24c8 runnable [0x000000001a59e000]
   java.lang.Thread.State: RUNNABLE
	at java.net.DualStackPlainSocketImpl.accept0(Native Method)
	at java.net.DualStackPlainSocketImpl.socketAccept(DualStackPlainSocketImpl.java:131)
	at java.net.AbstractPlainSocketImpl.accept(AbstractPlainSocketImpl.java:409)
	at java.net.PlainSocketImpl.accept(PlainSocketImpl.java:199)
	- locked <0x00000000d66b9098> (a java.net.SocksSocketImpl)
	at java.net.ServerSocket.implAccept(ServerSocket.java:545)
	at java.net.ServerSocket.accept(ServerSocket.java:513)
	at sun.management.jmxremote.LocalRMIServerSocketFactory$1.accept(LocalRMIServerSocketFactory.java:52)
	at sun.rmi.transport.tcp.TCPTransport$AcceptLoop.executeAcceptLoop(TCPTransport.java:400)
	at sun.rmi.transport.tcp.TCPTransport$AcceptLoop.run(TCPTransport.java:372)
	at java.lang.Thread.run(Thread.java:745)

   Locked ownable synchronizers:
	- None

"DestroyJavaVM" #15 prio=5 os_prio=0 tid=0x0000000002d3d800 nid=0x2168 waiting on condition [0x0000000000000000]
   java.lang.Thread.State: RUNNABLE

   Locked ownable synchronizers:
	- None

"Thread-3" #14 prio=5 os_prio=0 tid=0x00000000195bc000 nid=0x2418 waiting for monitor entry [0x000000001a09f000]
   java.lang.Thread.State: BLOCKED (on object monitor)
	at resources.FourSidedDeadlock.run(FourSidedDeadlock.java:27)
	- waiting to lock <0x00000000d5f31ab0> (a java.lang.Integer)
	- locked <0x00000000d5f31ae0> (a java.lang.Integer)

   Locked ownable synchronizers:
	- None

"Thread-2" #13 prio=5 os_prio=0 tid=0x00000000195b3800 nid=0x1454 waiting for monitor entry [0x0000000019f9f000]
   java.lang.Thread.State: BLOCKED (on object monitor)
	at resources.FourSidedDeadlock.run(FourSidedDeadlock.java:27)
	- waiting to lock <0x00000000d5f31ae0> (a java.lang.Integer)
	- locked <0x00000000d5f31ad0> (a java.lang.Integer)

   Locked ownable synchronizers:
	- None

"Thread-1" #12 prio=5 os_prio=0 tid=0x00000000195b3000 nid=0x201c waiting for monitor entry [0x0000000019e9e000]
   java.lang.Thread.State: BLOCKED (on object monitor)
	at resources.FourSidedDeadlock.run(FourSidedDeadlock.java:27)
	- waiting to lock <0x00000000d5f31ad0> (a java.lang.Integer)
	- locked <0x00000000d5f31ac0> (a java.lang.Integer)

   Locked ownable synchronizers:
	- None

"Thread-0" #11 prio=5 os_prio=0 tid=0x00000000195a3800 nid=0x26f8 waiting for monitor entry [0x0000000019d9f000]
   java.lang.Thread.State: BLOCKED (on object monitor)
	at resources.FourSidedDeadlock.run(FourSidedDeadlock.java:27)
	- waiting to lock <0x00000000d5f31ac0> (a java.lang.Integer)
	- locked <0x00000000d5f31ab0> (a java.lang.Integer)

   Locked ownable synchronizers:
	- None

"Monitor Ctrl-Break" #10 daemon prio=5 os_prio=0 tid=0x00000000195a2800 nid=0x1bc4 runnable [0x0000000019c9e000]
   java.lang.Thread.State: RUNNABLE
	at java.net.DualStackPlainSocketImpl.accept0(Native Method)
	at java.net.DualStackPlainSocketImpl.socketAccept(DualStackPlainSocketImpl.java:131)
	at java.net.AbstractPlainSocketImpl.accept(AbstractPlainSocketImpl.java:409)
	at java.net.PlainSocketImpl.accept(PlainSocketImpl.java:199)
	- locked <0x00000000d60f5158> (a java.net.SocksSocketImpl)
	at java.net.ServerSocket.implAccept(ServerSocket.java:545)
	at java.net.ServerSocket.accept(ServerSocket.java:513)
	at com.intellij.rt.execution.application.AppMain$1.run(AppMain.java:90)
	at java.lang.Thread.run(Thread.java:745)

   Locked ownable synchronizers:
	- None

"Service Thread" #9 daemon prio=9 os_prio=0 tid=0x0000000017acc800 nid=0x25dc runnable [0x0000000000000000]
   java.lang.Thread.State: RUNNABLE

   Locked ownable synchronizers:
	- None

"C1 CompilerThread2" #8 daemon prio=9 os_prio=2 tid=0x0000000017a7a800 nid=0x1998 waiting on condition [0x0000000000000000]
   java.lang.Thread.State: RUNNABLE

   Locked ownable synchronizers:
	- None

"C2 CompilerThread1" #7 daemon prio=9 os_prio=2 tid=0x0000000017a76800 nid=0xef0 waiting on condition [0x0000000000000000]
   java.lang.Thread.State: RUNNABLE

   Locked ownable synchronizers:
	- None

"C2 CompilerThread0" #6 daemon prio=9 os_prio=2 tid=0x0000000017a70800 nid=0x21f0 waiting on condition [0x0000000000000000]
   java.lang.Thread.State: RUNNABLE

   Locked ownable synchronizers:
	- None

"Attach Listener" #5 daemon prio=5 os_prio=2 tid=0x0000000017a6f000 nid=0x1d7c waiting on condition [0x0000000000000000]
   java.lang.Thread.State: RUNNABLE

   Locked ownable synchronizers:
	- None

"Signal Dispatcher" #4 daemon prio=9 os_prio=2 tid=0x0000000017a6e000 nid=0xfa8 runnable [0x0000000000000000]
   java.lang.Thread.State: RUNNABLE

   Locked ownable synchronizers:
	- None

"Finalizer" #3 daemon prio=8 os_prio=1 tid=0x0000000017a59800 nid=0x21b4 in Object.wait() [0x0000000018dcf000]
   java.lang.Thread.State: WAITING (on object monitor)
	at java.lang.Object.wait(Native Method)
	- waiting on <0x00000000d5f08ee0> (a java.lang.ref.ReferenceQueue$Lock)
	at java.lang.ref.ReferenceQueue.remove(ReferenceQueue.java:143)
	- locked <0x00000000d5f08ee0> (a java.lang.ref.ReferenceQueue$Lock)
	at java.lang.ref.ReferenceQueue.remove(ReferenceQueue.java:164)
	at java.lang.ref.Finalizer$FinalizerThread.run(Finalizer.java:209)

   Locked ownable synchronizers:
	- None

"Reference Handler" #2 daemon prio=10 os_prio=2 tid=0x0000000002f31000 nid=0x2720 in Object.wait() [0x0000000018ccf000]
   java.lang.Thread.State: WAITING (on object monitor)
	at java.lang.Object.wait(Native Method)
	- waiting on <0x00000000d5f06b50> (a java.lang.ref.Reference$Lock)
	at java.lang.Object.wait(Object.java:502)
	at java.lang.ref.Reference.tryHandlePending(Reference.java:191)
	- locked <0x00000000d5f06b50> (a java.lang.ref.Reference$Lock)
	at java.lang.ref.Reference$ReferenceHandler.run(Reference.java:153)

   Locked ownable synchronizers:
	- None

"VM Thread" os_prio=2 tid=0x0000000017a37000 nid=0x22a0 runnable

"GC task thread#0 (ParallelGC)" os_prio=0 tid=0x0000000002e57800 nid=0x2018 runnable

"GC task thread#1 (ParallelGC)" os_prio=0 tid=0x0000000002e59000 nid=0x17f4 runnable

"GC task thread#2 (ParallelGC)" os_prio=0 tid=0x0000000002e5a800 nid=0x1a3c runnable

"GC task thread#3 (ParallelGC)" os_prio=0 tid=0x0000000002e5c000 nid=0x1f2c runnable

"VM Periodic Task Thread" os_prio=2 tid=0x00000000194fc000 nid=0x1fd4 waiting on condition

JNI global references: 345


Found one Java-level deadlock:
=============================
"Thread-3":
  waiting to lock monitor 0x00000000195be9c8 (object 0x00000000d5f31ab0, a java.lang.Integer),
  which is held by "Thread-0"
"Thread-0":
  waiting to lock monitor 0x0000000002f39118 (object 0x00000000d5f31ac0, a java.lang.Integer),
  which is held by "Thread-1"
"Thread-1":
  waiting to lock monitor 0x0000000002f3b8f8 (object 0x00000000d5f31ad0, a java.lang.Integer),
  which is held by "Thread-2"
"Thread-2":
  waiting to lock monitor 0x00000000195c41d8 (object 0x00000000d5f31ae0, a java.lang.Integer),
  which is held by "Thread-3"

Java stack information for the threads listed above:
===================================================
"Thread-3":
	at resources.FourSidedDeadlock.run(FourSidedDeadlock.java:27)
	- waiting to lock <0x00000000d5f31ab0> (a java.lang.Integer)
	- locked <0x00000000d5f31ae0> (a java.lang.Integer)
"Thread-0":
	at resources.FourSidedDeadlock.run(FourSidedDeadlock.java:27)
	- waiting to lock <0x00000000d5f31ac0> (a java.lang.Integer)
	- locked <0x00000000d5f31ab0> (a java.lang.Integer)
"Thread-1":
	at resources.FourSidedDeadlock.run(FourSidedDeadlock.java:27)
	- waiting to lock <0x00000000d5f31ad0> (a java.lang.Integer)
	- locked <0x00000000d5f31ac0> (a java.lang.Integer)
"Thread-2":
	at resources.FourSidedDeadlock.run(FourSidedDeadlock.java:27)
	- waiting to lock <0x00000000d5f31ae0> (a java.lang.Integer)
	- locked <0x00000000d5f31ad0> (a java.lang.Integer)

Found 1 deadlock.
